# JRE version: Java(TM) SE Runtime Environment (8.0_291-b10) (build 1.8.0_291-b10)
# Java VM: Java HotSpot(TM) 64-Bit Server VM (25.291-b10 mixed mode windows-amd64 compressed oops)
Heap:
 PSYoungGen      total 36864K, used 10567K [0x00000000d6e00000, 0x00000000d9700000, 0x0000000100000000)
  eden space 31744K, 33% used [0x00000000d6e00000,0x00000000d7851cb0,0x00000000d8d00000)
  from space 5120K, 0% used [0x00000000d8d00000,0x00000000d8d00000,0x00000000d9200000)
  to   space 5120K, 0% used [0x00000000d9200000,0x00000000d9200000,0x00000000d9700000)
 ParOldGen       total 60928K, used 7561K [0x0000000084a00000, 0x0000000088580000, 0x00000000d6e00000)
  object space 60928K, 12% used [0x0000000084a00000,0x0000000085162720,0x0000000088580000)
 Metaspace       used 21979K, capacity 22645K, committed 22832K, reserved 1069056K
  class space    used 2730K, capacity 2889K, committed 2944K, reserved 1048576K
GC Heap History (8 events):
Event: 9.341 GC heap before
{Heap before GC invocations=1 (full 0):
 PSYoungGen      total 36864K, used 31744K [0x00000000d6e00000, 0x00000000d9700000, 0x0000000100000000)
  eden space 31744K, 100% used [0x00000000d6e00000,0x00000000d8d00000,0x00000000d8d00000)
  from space 5120K, 0% used [0x00000000d9200000,0x00000000d9200000,0x00000000d9700000)
  to   space 5120K, 0% used [0x00000000d8d00000,0x00000000d8d00000,0x00000000d9200000)
 ParOldGen       total 84992K, used 0K [0x0000000084a00000, 0x0000000089d00000, 0x00000000d6e00000)
  object space 84992K, 0% used [0x0000000084a00000,0x0000000084a00000,0x0000000089d00000)
 Metaspace       used 13488K, capacity 13694K, committed 13952K, reserved 1060864K
  class space    used 1556K, capacity 1617K, committed 1664K, reserved 1048576K
Event: 9.355 GC heap after
Heap after GC invocations=1 (full 0):
 PSYoungGen      total 36864K, used 5118K [0x00000000d6e00000, 0x00000000d9700000, 0x0000000100000000)
  eden space 31744K, 0% used [0x00000000d6e00000,0x00000000d6e00000,0x00000000d8d00000)
  from space 5120K, 99% used [0x00000000d8d00000,0x00000000d91ffac8,0x00000000d9200000)
  to   space 5120K, 0% used [0x00000000d9200000,0x00000000d9200000,0x00000000d9700000)
 ParOldGen       total 84992K, used 1326K [0x0000000084a00000, 0x0000000089d00000, 0x00000000d6e00000)
  object space 84992K, 1% used [0x0000000084a00000,0x0000000084b4ba18,0x0000000089d00000)
 Metaspace       used 13488K, capacity 13694K, committed 13952K, reserved 1060864K
  class space    used 1556K, capacity 1617K, committed 1664K, reserved 1048576K
}
Event: 13.608 GC heap before
{Heap before GC invocations=2 (full 0):
 PSYoungGen      total 36864K, used 36862K [0x00000000d6e00000, 0x00000000d9700000, 0x0000000100000000)
  eden space 31744K, 100% used [0x00000000d6e00000,0x00000000d8d00000,0x00000000d8d00000)
  from space 5120K, 99% used [0x00000000d8d00000,0x00000000d91ffac8,0x00000000d9200000)
  to   space 5120K, 0% used [0x00000000d9200000,0x00000000d9200000,0x00000000d9700000)
 ParOldGen       total 84992K, used 1326K [0x0000000084a00000, 0x0000000089d00000, 0x00000000d6e00000)
  object space 84992K, 1% used [0x0000000084a00000,0x0000000084b4ba18,0x0000000089d00000)
 Metaspace       used 18718K, capacity 18986K, committed 19328K, reserved 1067008K
  class space    used 2222K, capacity 2313K, committed 2432K, reserved 1048576K
Event: 13.634 GC heap after
Heap after GC invocations=2 (full 0):
 PSYoungGen      total 36864K, used 5088K [0x00000000d6e00000, 0x00000000d9700000, 0x0000000100000000)
  eden space 31744K, 0% used [0x00000000d6e00000,0x00000000d6e00000,0x00000000d8d00000)
  from space 5120K, 99% used [0x00000000d9200000,0x00000000d96f83f0,0x00000000d9700000)
  to   space 5120K, 0% used [0x00000000d8d00000,0x00000000d8d00000,0x00000000d9200000)
 ParOldGen       total 84992K, used 5950K [0x0000000084a00000, 0x0000000089d00000, 0x00000000d6e00000)
  object space 84992K, 7% used [0x0000000084a00000,0x0000000084fcf9b0,0x0000000089d00000)
 Metaspace       used 18718K, capacity 18986K, committed 19328K, reserved 1067008K
  class space    used 2222K, capacity 2313K, committed 2432K, reserved 1048576K
}
Event: 15.030 GC heap before
{Heap before GC invocations=3 (full 0):
 PSYoungGen      total 36864K, used 18424K [0x00000000d6e00000, 0x00000000d9700000, 0x0000000100000000)
  eden space 31744K, 42% used [0x00000000d6e00000,0x00000000d7b05e00,0x00000000d8d00000)
  from space 5120K, 99% used [0x00000000d9200000,0x00000000d96f83f0,0x00000000d9700000)
  to   space 5120K, 0% used [0x00000000d8d00000,0x00000000d8d00000,0x00000000d9200000)
 ParOldGen       total 84992K, used 5950K [0x0000000084a00000, 0x0000000089d00000, 0x00000000d6e00000)
  object space 84992K, 7% used [0x0000000084a00000,0x0000000084fcf9b0,0x0000000089d00000)
 Metaspace       used 20595K, capacity 21189K, committed 21296K, reserved 1069056K
  class space    used 2538K, capacity 2688K, committed 2688K, reserved 1048576K
Event: 15.055 GC heap after
Heap after GC invocations=3 (full 0):
 PSYoungGen      total 36864K, used 5104K [0x00000000d6e00000, 0x00000000d9700000, 0x0000000100000000)
  eden space 31744K, 0% used [0x00000000d6e00000,0x00000000d6e00000,0x00000000d8d00000)
  from space 5120K, 99% used [0x00000000d8d00000,0x00000000d91fc050,0x00000000d9200000)
  to   space 5120K, 0% used [0x00000000d9200000,0x00000000d9200000,0x00000000d9700000)
 ParOldGen       total 84992K, used 7508K [0x0000000084a00000, 0x0000000089d00000, 0x00000000d6e00000)
  object space 84992K, 8% used [0x0000000084a00000,0x0000000085155158,0x0000000089d00000)
 Metaspace       used 20595K, capacity 21189K, committed 21296K, reserved 1069056K
  class space    used 2538K, capacity 2688K, committed 2688K, reserved 1048576K
}
Event: 15.055 GC heap before
{Heap before GC invocations=4 (full 1):
 PSYoungGen      total 36864K, used 5104K [0x00000000d6e00000, 0x00000000d9700000, 0x0000000100000000)
  eden space 31744K, 0% used [0x00000000d6e00000,0x00000000d6e00000,0x00000000d8d00000)
  from space 5120K, 99% used [0x00000000d8d00000,0x00000000d91fc050,0x00000000d9200000)
  to   space 5120K, 0% used [0x00000000d9200000,0x00000000d9200000,0x00000000d9700000)
 ParOldGen       total 84992K, used 7508K [0x0000000084a00000, 0x0000000089d00000, 0x00000000d6e00000)
  object space 84992K, 8% used [0x0000000084a00000,0x0000000085155158,0x0000000089d00000)
 Metaspace       used 20595K, capacity 21189K, committed 21296K, reserved 1069056K
  class space    used 2538K, capacity 2688K, committed 2688K, reserved 1048576K
Event: 15.180 GC heap after
Heap after GC invocations=4 (full 1):
 PSYoungGen      total 36864K, used 0K [0x00000000d6e00000, 0x00000000d9700000, 0x0000000100000000)
  eden space 31744K, 0% used [0x00000000d6e00000,0x00000000d6e00000,0x00000000d8d00000)
  from space 5120K, 0% used [0x00000000d8d00000,0x00000000d8d00000,0x00000000d9200000)
  to   space 5120K, 0% used [0x00000000d9200000,0x00000000d9200000,0x00000000d9700000)
 ParOldGen       total 60928K, used 7561K [0x0000000084a00000, 0x0000000088580000, 0x00000000d6e00000)
  object space 60928K, 12% used [0x0000000084a00000,0x0000000085162720,0x0000000088580000)
 Metaspace       used 20595K, capacity 21189K, committed 21296K, reserved 1069056K
  class space    used 2538K, capacity 2688K, committed 2688K, reserved 1048576K
}

