<?xml version="1.0" encoding="UTF-8"?>
<!-- Generated by org.testng.reporters.JUnitXMLReporter -->
<testsuite hostname="DESKTOP-GCKSATM" name="TestCategoria" tests="2" failures="0" timestamp="5 Jun 2021 20:43:32 GMT" time="48.721" errors="0">
  <testcase name="testInsertarCategoriaDatosVacio" time="19.435" classname="pe.visorweb.categoria.CategoriaTest"/>
  <testcase name="testInsertarCategoriaExitosa" time="12.33" classname="pe.visorweb.categoria.CategoriaTest"/>
</testsuite> <!-- TestCategoria -->
